<?xml version="1.0" encoding="UTF-8"?>
<testsuite xmlns:xsi="http://www.w3.org/2001/XMLSchema-instance" xsi:noNamespaceSchemaLocation="https://maven.apache.org/surefire/maven-surefire-plugin/xsd/surefire-test-report-3.0.xsd" version="3.0" name="com.BusUnitTest" time="0.041" tests="17" errors="0" skipped="0" failures="0">
  <properties>
[...]
</properties>
  <testcase name="testDriverOver50Small" classname="com.BusUnitTest" time="0.011"/>
  <testcase name="testExperiencedDriverElectric" classname="com.BusUnitTest" time="0.002"/>
  <testcase name="testDuplicateBusID" classname="com.BusUnitTest" time="0.002"/>
  <testcase name="testCapacityCannotIncrease" classname="com.BusUnitTest" time="0.002"/>
  <testcase name="testDriverUnder50" classname="com.BusUnitTest" time="0.001"/>
  <testcase name="testValidBusID" classname="com.BusUnitTest" time="0.001"/>
  <testcase name="testCapacityCanDecrease" classname="com.BusUnitTest" time="0.001"/>
  <testcase name="testSetShortBusID" classname="com.BusUnitTest" time="0.001"/>
  <testcase name="testInexperiencedDriverElectricEdgeCase" classname="com.BusUnitTest" time="0.001"/>
  <testcase name="testLiscenseDiesel" classname="com.BusUnitTest" time="0.001"/>
  <testcase name="testHeavyLiscenseElectric" classname="com.BusUnitTest" time="0.001"/>
  <testcase name="testCapacityCanStaySame" classname="com.BusUnitTest" time="0.001"/>
  <testcase name="testLongBusID" classname="com.BusUnitTest" time="0.001"/>
  <testcase name="testDriverOver50" classname="com.BusUnitTest" time="0.002"/>
  <testcase name="testLightLiscenseElectric" classname="com.BusUnitTest" time="0.001"/>
  <testcase name="testInexperiencedDriverElectric" classname="com.BusUnitTest" time="0.001"/>
  <testcase name="testDigitBusID" classname="com.BusUnitTest" time="0.001"/>
</testsuite>